============================================================
  Generated by:           Genus(TM) Synthesis Solution 21.12-s068_1
  Generated on:           Apr 28 2025  11:58:22 am
  Module:                 jpeg_core
  Library domain:         ss_100C_1v60.setup_cond
    Domain index:         0
    Technology library:   sky130_fd_sc_hd__ss_100C_1v60 1.0000000000
  Operating conditions:   ss_100C_1v60 
  Interconnect mode:      global
  Area mode:              physical library
============================================================

                                                      Leakage                                    Library 
           Gate             Instances     Area      Power (nW)               Library              Domain 
---------------------------------------------------------------------------------------------------------
sky130_fd_sc_hd__a2111o_1           3       33.782       18.343    sky130_fd_sc_hd__ss_100C_1v60       0 
sky130_fd_sc_hd__a2111oi_0         39      341.578       91.728    sky130_fd_sc_hd__ss_100C_1v60       0 
sky130_fd_sc_hd__a211o_1           15      131.376       98.417    sky130_fd_sc_hd__ss_100C_1v60       0 
sky130_fd_sc_hd__a211oi_1          13       97.594       20.172    sky130_fd_sc_hd__ss_100C_1v60       0 
sky130_fd_sc_hd__a21bo_1           28      280.269      352.914    sky130_fd_sc_hd__ss_100C_1v60       0 
sky130_fd_sc_hd__a21bo_2            1       10.010        9.559    sky130_fd_sc_hd__ss_100C_1v60       0 
sky130_fd_sc_hd__a21boi_0           4       30.029       16.424    sky130_fd_sc_hd__ss_100C_1v60       0 
sky130_fd_sc_hd__a21boi_1          70      525.504      485.774    sky130_fd_sc_hd__ss_100C_1v60       0 
sky130_fd_sc_hd__a21boi_2           7       78.826       69.591    sky130_fd_sc_hd__ss_100C_1v60       0 
sky130_fd_sc_hd__a21o_1           334     2507.405     2195.645    sky130_fd_sc_hd__ss_100C_1v60       0 
sky130_fd_sc_hd__a21o_2             3       26.275       23.700    sky130_fd_sc_hd__ss_100C_1v60       0 
sky130_fd_sc_hd__a21o_4             8      120.115       89.657    sky130_fd_sc_hd__ss_100C_1v60       0 
sky130_fd_sc_hd__a21oi_1          474     2372.275      883.535    sky130_fd_sc_hd__ss_100C_1v60       0 
sky130_fd_sc_hd__a21oi_2           22      192.685       65.273    sky130_fd_sc_hd__ss_100C_1v60       0 
sky130_fd_sc_hd__a221o_1        10291   103008.794    40676.167    sky130_fd_sc_hd__ss_100C_1v60       0 
sky130_fd_sc_hd__a221o_2            5       56.304       25.596    sky130_fd_sc_hd__ss_100C_1v60       0 
sky130_fd_sc_hd__a221oi_1        4676    40954.278     3363.523    sky130_fd_sc_hd__ss_100C_1v60       0 
sky130_fd_sc_hd__a222oi_1         215     2152.064      372.569    sky130_fd_sc_hd__ss_100C_1v60       0 
sky130_fd_sc_hd__a22o_1          6114    53548.858    21503.981    sky130_fd_sc_hd__ss_100C_1v60       0 
sky130_fd_sc_hd__a22o_2             1       10.010        5.392    sky130_fd_sc_hd__ss_100C_1v60       0 
sky130_fd_sc_hd__a22oi_1         1919    14406.317     1674.317    sky130_fd_sc_hd__ss_100C_1v60       0 
sky130_fd_sc_hd__a22oi_2            2       25.024        8.571    sky130_fd_sc_hd__ss_100C_1v60       0 
sky130_fd_sc_hd__a2bb2o_1           1       10.010        7.592    sky130_fd_sc_hd__ss_100C_1v60       0 
sky130_fd_sc_hd__a2bb2oi_1         30      262.752      113.057    sky130_fd_sc_hd__ss_100C_1v60       0 
sky130_fd_sc_hd__a2bb2oi_2          3       45.043       21.378    sky130_fd_sc_hd__ss_100C_1v60       0 
sky130_fd_sc_hd__a311o_1            3       30.029        9.228    sky130_fd_sc_hd__ss_100C_1v60       0 
sky130_fd_sc_hd__a311oi_1           4       35.034        7.380    sky130_fd_sc_hd__ss_100C_1v60       0 
sky130_fd_sc_hd__a31o_1            16      140.134       53.429    sky130_fd_sc_hd__ss_100C_1v60       0 
sky130_fd_sc_hd__a31o_2            15      131.376       62.089    sky130_fd_sc_hd__ss_100C_1v60       0 
sky130_fd_sc_hd__a31o_4             2       35.034       16.697    sky130_fd_sc_hd__ss_100C_1v60       0 
sky130_fd_sc_hd__a31oi_1           81      506.736      133.539    sky130_fd_sc_hd__ss_100C_1v60       0 
sky130_fd_sc_hd__a31oi_2            2       25.024        5.277    sky130_fd_sc_hd__ss_100C_1v60       0 
sky130_fd_sc_hd__a31oi_4            1       21.270        4.881    sky130_fd_sc_hd__ss_100C_1v60       0 
sky130_fd_sc_hd__a32o_1            31      310.298       93.914    sky130_fd_sc_hd__ss_100C_1v60       0 
sky130_fd_sc_hd__a32oi_1           38      332.819       48.334    sky130_fd_sc_hd__ss_100C_1v60       0 
sky130_fd_sc_hd__a41o_1             5       50.048       26.936    sky130_fd_sc_hd__ss_100C_1v60       0 
sky130_fd_sc_hd__a41oi_1          231     2023.190      354.395    sky130_fd_sc_hd__ss_100C_1v60       0 
sky130_fd_sc_hd__and2_0           126      788.256      515.573    sky130_fd_sc_hd__ss_100C_1v60       0 
sky130_fd_sc_hd__and2_1          1355     8476.880     4839.792    sky130_fd_sc_hd__ss_100C_1v60       0 
sky130_fd_sc_hd__and2_2          1273     9556.666     6068.476    sky130_fd_sc_hd__ss_100C_1v60       0 
sky130_fd_sc_hd__and2_4            20      175.168      137.872    sky130_fd_sc_hd__ss_100C_1v60       0 
sky130_fd_sc_hd__and2b_1          223     1674.106     1819.144    sky130_fd_sc_hd__ss_100C_1v60       0 
sky130_fd_sc_hd__and2b_2           48      420.403      431.805    sky130_fd_sc_hd__ss_100C_1v60       0 
sky130_fd_sc_hd__and2b_4            2       20.019       16.666    sky130_fd_sc_hd__ss_100C_1v60       0 
sky130_fd_sc_hd__and3_1            48      300.288      282.073    sky130_fd_sc_hd__ss_100C_1v60       0 
sky130_fd_sc_hd__and3_2           112      840.806      695.522    sky130_fd_sc_hd__ss_100C_1v60       0 
sky130_fd_sc_hd__and3_4             3       33.782       17.853    sky130_fd_sc_hd__ss_100C_1v60       0 
sky130_fd_sc_hd__and3b_1           58      507.987      531.850    sky130_fd_sc_hd__ss_100C_1v60       0 
sky130_fd_sc_hd__and3b_2           17      170.163      208.076    sky130_fd_sc_hd__ss_100C_1v60       0 
sky130_fd_sc_hd__and3b_4            2       25.024       14.298    sky130_fd_sc_hd__ss_100C_1v60       0 
sky130_fd_sc_hd__and4_1             9       78.826       37.986    sky130_fd_sc_hd__ss_100C_1v60       0 
sky130_fd_sc_hd__and4b_1           70      700.672      508.897    sky130_fd_sc_hd__ss_100C_1v60       0 
sky130_fd_sc_hd__buf_1             96      360.346      421.784    sky130_fd_sc_hd__ss_100C_1v60       0 
sky130_fd_sc_hd__buf_12             9      180.173      145.211    sky130_fd_sc_hd__ss_100C_1v60       0 
sky130_fd_sc_hd__buf_2              9       45.043       51.557    sky130_fd_sc_hd__ss_100C_1v60       0 
sky130_fd_sc_hd__buf_4             34      255.245      239.125    sky130_fd_sc_hd__ss_100C_1v60       0 
sky130_fd_sc_hd__buf_6             47      529.258      451.956    sky130_fd_sc_hd__ss_100C_1v60       0 
sky130_fd_sc_hd__buf_8             55      825.792      668.502    sky130_fd_sc_hd__ss_100C_1v60       0 
sky130_fd_sc_hd__bufinv_16          5      150.144      126.483    sky130_fd_sc_hd__ss_100C_1v60       0 
sky130_fd_sc_hd__clkbuf_1         146      548.026      641.462    sky130_fd_sc_hd__ss_100C_1v60       0 
sky130_fd_sc_hd__clkbuf_16         26      650.624      490.022    sky130_fd_sc_hd__ss_100C_1v60       0 
sky130_fd_sc_hd__clkbuf_2         129      645.619      706.900    sky130_fd_sc_hd__ss_100C_1v60       0 
sky130_fd_sc_hd__clkinv_1         683     2563.709     2439.928    sky130_fd_sc_hd__ss_100C_1v60       0 
sky130_fd_sc_hd__clkinv_16          2       60.058       33.106    sky130_fd_sc_hd__ss_100C_1v60       0 
sky130_fd_sc_hd__clkinv_2         307     1536.474     1723.770    sky130_fd_sc_hd__ss_100C_1v60       0 
sky130_fd_sc_hd__clkinv_4         429     3757.354     2504.900    sky130_fd_sc_hd__ss_100C_1v60       0 
sky130_fd_sc_hd__clkinv_8           6       97.594       54.523    sky130_fd_sc_hd__ss_100C_1v60       0 
sky130_fd_sc_hd__conb_1         41808   156930.509      126.804    sky130_fd_sc_hd__ss_100C_1v60       0 
sky130_fd_sc_hd__dfrbp_1            3       86.333       63.598    sky130_fd_sc_hd__ss_100C_1v60       0 
sky130_fd_sc_hd__dfrtp_1           40     1000.960      749.753    sky130_fd_sc_hd__ss_100C_1v60       0 
sky130_fd_sc_hd__dfrtp_2            1       26.275       19.434    sky130_fd_sc_hd__ss_100C_1v60       0 
sky130_fd_sc_hd__dfstp_1           28      735.706      601.098    sky130_fd_sc_hd__ss_100C_1v60       0 
sky130_fd_sc_hd__dfxbp_1           18      427.910      343.945    sky130_fd_sc_hd__ss_100C_1v60       0 
sky130_fd_sc_hd__dfxbp_2            8      210.202      162.356    sky130_fd_sc_hd__ss_100C_1v60       0 
sky130_fd_sc_hd__dfxtp_1         3109    62239.693    44630.825    sky130_fd_sc_hd__ss_100C_1v60       0 
sky130_fd_sc_hd__dfxtp_2          324     6891.610     4938.477    sky130_fd_sc_hd__ss_100C_1v60       0 
sky130_fd_sc_hd__dfxtp_4            6      142.637      100.331    sky130_fd_sc_hd__ss_100C_1v60       0 
sky130_fd_sc_hd__edfxtp_1       43233  1298235.110   813093.519    sky130_fd_sc_hd__ss_100C_1v60       0 
sky130_fd_sc_hd__fa_1             852    17056.358     8751.494    sky130_fd_sc_hd__ss_100C_1v60       0 
sky130_fd_sc_hd__fa_2              62     1396.339      657.274    sky130_fd_sc_hd__ss_100C_1v60       0 
sky130_fd_sc_hd__fah_1            574    19391.098    16624.821    sky130_fd_sc_hd__ss_100C_1v60       0 
sky130_fd_sc_hd__ha_1             294     3678.528     2893.042    sky130_fd_sc_hd__ss_100C_1v60       0 
sky130_fd_sc_hd__ha_2               6       90.086       60.290    sky130_fd_sc_hd__ss_100C_1v60       0 
sky130_fd_sc_hd__ha_4               3       75.072       39.649    sky130_fd_sc_hd__ss_100C_1v60       0 
sky130_fd_sc_hd__inv_1            667     2503.651     2835.573    sky130_fd_sc_hd__ss_100C_1v60       0 
sky130_fd_sc_hd__inv_12            10      162.656      132.274    sky130_fd_sc_hd__ss_100C_1v60       0 
sky130_fd_sc_hd__inv_16             3       60.058       50.474    sky130_fd_sc_hd__ss_100C_1v60       0 
sky130_fd_sc_hd__inv_2           1458     5472.749     6525.587    sky130_fd_sc_hd__ss_100C_1v60       0 
sky130_fd_sc_hd__inv_4            400     2502.400     2675.916    sky130_fd_sc_hd__ss_100C_1v60       0 
sky130_fd_sc_hd__inv_6            797     6980.445     6023.822    sky130_fd_sc_hd__ss_100C_1v60       0 
sky130_fd_sc_hd__inv_8             13      146.390      127.580    sky130_fd_sc_hd__ss_100C_1v60       0 
sky130_fd_sc_hd__maj3_1            21      210.202       77.367    sky130_fd_sc_hd__ss_100C_1v60       0 
sky130_fd_sc_hd__maj3_2             3       33.782       18.276    sky130_fd_sc_hd__ss_100C_1v60       0 
sky130_fd_sc_hd__mux2_1             1       11.261        6.861    sky130_fd_sc_hd__ss_100C_1v60       0 
sky130_fd_sc_hd__mux2_2            93     1047.254      630.210    sky130_fd_sc_hd__ss_100C_1v60       0 
sky130_fd_sc_hd__mux2i_1         1287    12882.355     6876.715    sky130_fd_sc_hd__ss_100C_1v60       0 
sky130_fd_sc_hd__nand2_1         4265    16009.104    12431.905    sky130_fd_sc_hd__ss_100C_1v60       0 
sky130_fd_sc_hd__nand2_2          422     2640.032     1927.874    sky130_fd_sc_hd__ss_100C_1v60       0 
sky130_fd_sc_hd__nand2_4           80      900.864      638.235    sky130_fd_sc_hd__ss_100C_1v60       0 
sky130_fd_sc_hd__nand2_8           24      480.461      346.408    sky130_fd_sc_hd__ss_100C_1v60       0 
sky130_fd_sc_hd__nand2b_1        2073    12968.688     8414.202    sky130_fd_sc_hd__ss_100C_1v60       0 
sky130_fd_sc_hd__nand2b_2          47      411.645      165.199    sky130_fd_sc_hd__ss_100C_1v60       0 
sky130_fd_sc_hd__nand2b_4          40      550.528      273.279    sky130_fd_sc_hd__ss_100C_1v60       0 
sky130_fd_sc_hd__nand3_1          125      625.600      297.724    sky130_fd_sc_hd__ss_100C_1v60       0 
sky130_fd_sc_hd__nand3_2           58      580.557      408.773    sky130_fd_sc_hd__ss_100C_1v60       0 
sky130_fd_sc_hd__nand3_4            7      122.618       45.891    sky130_fd_sc_hd__ss_100C_1v60       0 
sky130_fd_sc_hd__nand3b_1          65      487.968      193.176    sky130_fd_sc_hd__ss_100C_1v60       0 
sky130_fd_sc_hd__nand3b_2           4       45.043       41.814    sky130_fd_sc_hd__ss_100C_1v60       0 
sky130_fd_sc_hd__nand3b_4           2       40.038       14.512    sky130_fd_sc_hd__ss_100C_1v60       0 
sky130_fd_sc_hd__nand4_1         1409     8814.704    11720.656    sky130_fd_sc_hd__ss_100C_1v60       0 
sky130_fd_sc_hd__nand4_2            2       25.024        0.084    sky130_fd_sc_hd__ss_100C_1v60       0 
sky130_fd_sc_hd__nand4_4            2       42.541       17.811    sky130_fd_sc_hd__ss_100C_1v60       0 
sky130_fd_sc_hd__nand4b_1          84      735.706      597.211    sky130_fd_sc_hd__ss_100C_1v60       0 
sky130_fd_sc_hd__nand4bb_1          3       33.782       16.473    sky130_fd_sc_hd__ss_100C_1v60       0 
sky130_fd_sc_hd__nor2_1          3751    14079.754     7864.815    sky130_fd_sc_hd__ss_100C_1v60       0 
sky130_fd_sc_hd__nor2_2           194     1213.664      260.374    sky130_fd_sc_hd__ss_100C_1v60       0 
sky130_fd_sc_hd__nor2_4            16      180.173       66.581    sky130_fd_sc_hd__ss_100C_1v60       0 
sky130_fd_sc_hd__nor2_8             3       60.058       20.900    sky130_fd_sc_hd__ss_100C_1v60       0 
sky130_fd_sc_hd__nor2b_1         2100    13137.600     8464.559    sky130_fd_sc_hd__ss_100C_1v60       0 
sky130_fd_sc_hd__nor2b_2            2       17.517       14.860    sky130_fd_sc_hd__ss_100C_1v60       0 
sky130_fd_sc_hd__nor2b_4            2       27.526       11.618    sky130_fd_sc_hd__ss_100C_1v60       0 
sky130_fd_sc_hd__nor3_1            44      220.211       65.116    sky130_fd_sc_hd__ss_100C_1v60       0 
sky130_fd_sc_hd__nor3_2             2       20.019        9.161    sky130_fd_sc_hd__ss_100C_1v60       0 
sky130_fd_sc_hd__nor3b_1           45      337.824      132.832    sky130_fd_sc_hd__ss_100C_1v60       0 
sky130_fd_sc_hd__nor4_1           389     2433.584     1069.328    sky130_fd_sc_hd__ss_100C_1v60       0 
sky130_fd_sc_hd__nor4b_1            3       26.275        4.435    sky130_fd_sc_hd__ss_100C_1v60       0 
sky130_fd_sc_hd__nor4bb_1           3       30.029       20.165    sky130_fd_sc_hd__ss_100C_1v60       0 
sky130_fd_sc_hd__o2111ai_1         26      227.718       92.238    sky130_fd_sc_hd__ss_100C_1v60       0 
sky130_fd_sc_hd__o211a_1           10      100.096       73.950    sky130_fd_sc_hd__ss_100C_1v60       0 
sky130_fd_sc_hd__o211a_4            4       70.067       30.150    sky130_fd_sc_hd__ss_100C_1v60       0 
sky130_fd_sc_hd__o211ai_1          38      285.274       80.647    sky130_fd_sc_hd__ss_100C_1v60       0 
sky130_fd_sc_hd__o211ai_2           4       50.048       28.949    sky130_fd_sc_hd__ss_100C_1v60       0 
sky130_fd_sc_hd__o21a_1           173     1298.746      533.962    sky130_fd_sc_hd__ss_100C_1v60       0 
sky130_fd_sc_hd__o21a_2             3       26.275       10.640    sky130_fd_sc_hd__ss_100C_1v60       0 
sky130_fd_sc_hd__o21a_4             1       15.014        7.190    sky130_fd_sc_hd__ss_100C_1v60       0 
sky130_fd_sc_hd__o21ai_1          749     3748.595     2163.579    sky130_fd_sc_hd__ss_100C_1v60       0 
sky130_fd_sc_hd__o21ai_2           34      297.786      166.927    sky130_fd_sc_hd__ss_100C_1v60       0 
sky130_fd_sc_hd__o21ai_4            3       48.797       19.194    sky130_fd_sc_hd__ss_100C_1v60       0 
sky130_fd_sc_hd__o21ba_1           11      110.106       68.669    sky130_fd_sc_hd__ss_100C_1v60       0 
sky130_fd_sc_hd__o21ba_2           13      130.125       65.938    sky130_fd_sc_hd__ss_100C_1v60       0 
sky130_fd_sc_hd__o21bai_1          48      360.346      160.164    sky130_fd_sc_hd__ss_100C_1v60       0 
sky130_fd_sc_hd__o21bai_2           3       33.782       17.792    sky130_fd_sc_hd__ss_100C_1v60       0 
sky130_fd_sc_hd__o221a_1            3       33.782        9.689    sky130_fd_sc_hd__ss_100C_1v60       0 
sky130_fd_sc_hd__o221a_2            2       22.522        9.683    sky130_fd_sc_hd__ss_100C_1v60       0 
sky130_fd_sc_hd__o221ai_1          41      359.094      106.960    sky130_fd_sc_hd__ss_100C_1v60       0 
sky130_fd_sc_hd__o221ai_2           1       15.014        3.915    sky130_fd_sc_hd__ss_100C_1v60       0 
sky130_fd_sc_hd__o22a_1            17      148.893       45.961    sky130_fd_sc_hd__ss_100C_1v60       0 
sky130_fd_sc_hd__o22ai_1          513     3209.328      975.218    sky130_fd_sc_hd__ss_100C_1v60       0 
sky130_fd_sc_hd__o22ai_2            4       50.048       16.633    sky130_fd_sc_hd__ss_100C_1v60       0 
sky130_fd_sc_hd__o2bb2a_1           6       60.058       30.982    sky130_fd_sc_hd__ss_100C_1v60       0 
sky130_fd_sc_hd__o2bb2a_2           2       22.522       10.662    sky130_fd_sc_hd__ss_100C_1v60       0 
sky130_fd_sc_hd__o2bb2a_4           1       20.019        8.627    sky130_fd_sc_hd__ss_100C_1v60       0 
sky130_fd_sc_hd__o2bb2ai_1        421     3687.286     1004.327    sky130_fd_sc_hd__ss_100C_1v60       0 
sky130_fd_sc_hd__o2bb2ai_2         71     1066.022      341.694    sky130_fd_sc_hd__ss_100C_1v60       0 
sky130_fd_sc_hd__o2bb2ai_4          7      192.685       88.080    sky130_fd_sc_hd__ss_100C_1v60       0 
sky130_fd_sc_hd__o311a_1            4       40.038       19.092    sky130_fd_sc_hd__ss_100C_1v60       0 
sky130_fd_sc_hd__o311ai_1           9       78.826       28.011    sky130_fd_sc_hd__ss_100C_1v60       0 
sky130_fd_sc_hd__o31a_1            24      210.202       78.431    sky130_fd_sc_hd__ss_100C_1v60       0 
sky130_fd_sc_hd__o31ai_1           34      255.245       79.961    sky130_fd_sc_hd__ss_100C_1v60       0 
sky130_fd_sc_hd__o32a_1            17      170.163       29.637    sky130_fd_sc_hd__ss_100C_1v60       0 
sky130_fd_sc_hd__o32ai_1          103      902.115      170.541    sky130_fd_sc_hd__ss_100C_1v60       0 
sky130_fd_sc_hd__o41a_1             6       67.565       14.294    sky130_fd_sc_hd__ss_100C_1v60       0 
sky130_fd_sc_hd__o41a_2             2       25.024        7.918    sky130_fd_sc_hd__ss_100C_1v60       0 
sky130_fd_sc_hd__o41ai_1            3       26.275        5.811    sky130_fd_sc_hd__ss_100C_1v60       0 
sky130_fd_sc_hd__or2_0            253     1582.768      843.173    sky130_fd_sc_hd__ss_100C_1v60       0 
sky130_fd_sc_hd__or2_1             91      569.296      324.492    sky130_fd_sc_hd__ss_100C_1v60       0 
sky130_fd_sc_hd__or2_2            157      982.192      735.454    sky130_fd_sc_hd__ss_100C_1v60       0 
sky130_fd_sc_hd__or2_4             23      201.443      140.308    sky130_fd_sc_hd__ss_100C_1v60       0 
sky130_fd_sc_hd__or2b_1             3       22.522       17.902    sky130_fd_sc_hd__ss_100C_1v60       0 
sky130_fd_sc_hd__or2b_2             2       17.517       13.450    sky130_fd_sc_hd__ss_100C_1v60       0 
sky130_fd_sc_hd__or2b_4             2       22.522       24.443    sky130_fd_sc_hd__ss_100C_1v60       0 
sky130_fd_sc_hd__or3_1             18      112.608       36.503    sky130_fd_sc_hd__ss_100C_1v60       0 
sky130_fd_sc_hd__or3b_1             4       35.034       36.141    sky130_fd_sc_hd__ss_100C_1v60       0 
sky130_fd_sc_hd__or3b_2             6       52.550       24.717    sky130_fd_sc_hd__ss_100C_1v60       0 
sky130_fd_sc_hd__or4_1            101      758.227      654.854    sky130_fd_sc_hd__ss_100C_1v60       0 
sky130_fd_sc_hd__or4_4             21      236.477      151.455    sky130_fd_sc_hd__ss_100C_1v60       0 
sky130_fd_sc_hd__or4b_1             1       10.010        5.121    sky130_fd_sc_hd__ss_100C_1v60       0 
sky130_fd_sc_hd__xnor2_1         2158    18900.627     6434.312    sky130_fd_sc_hd__ss_100C_1v60       0 
sky130_fd_sc_hd__xnor2_2           27      439.171      256.259    sky130_fd_sc_hd__ss_100C_1v60       0 
sky130_fd_sc_hd__xnor2_4            1       27.526       16.240    sky130_fd_sc_hd__ss_100C_1v60       0 
sky130_fd_sc_hd__xnor3_1            8      180.173      172.651    sky130_fd_sc_hd__ss_100C_1v60       0 
sky130_fd_sc_hd__xor2_1           479     4195.274     2828.404    sky130_fd_sc_hd__ss_100C_1v60       0 
sky130_fd_sc_hd__xor2_2             5       81.328       34.079    sky130_fd_sc_hd__ss_100C_1v60       0 
sky130_fd_sc_hd__xor3_1             2       47.546       28.685    sky130_fd_sc_hd__ss_100C_1v60       0 
---------------------------------------------------------------------------------------------------------
total                          146217  1984709.744  1094612.181                                  


                                              Leakage   Leakage 
     Type      Instances     Area    Area %  Power (nW) Power % 
----------------------------------------------------------------
sequential         46770 1369996.435   69.0  864703.335    79.0 
inverter            4780   25993.680    1.3   25253.937     2.3 
buffer               551    4040.125    0.2    3816.519     0.3 
logic              94116  584679.504   29.5  200838.390    18.3 
physical_cells         0       0.000    0.0       0.000     0.0 
----------------------------------------------------------------
total             146217 1984709.744  100.0 1094612.181   100.0 

