============================================================
  Generated by:           Genus(TM) Synthesis Solution 21.12-s068_1
  Generated on:           Apr 28 2025  11:58:13 am
  Module:                 jpeg_core
  Library domain:         ss_100C_1v60.setup_cond
    Domain index:         0
    Technology library:   sky130_fd_sc_hd__ss_100C_1v60 1.0000000000
  Operating conditions:   ss_100C_1v60 
  Interconnect mode:      global
  Area mode:              physical library
============================================================

Timing
--------

     Analysis view      Clock  Period 
--------------------------------------
ss_100C_1v60.setup_view clk   10000.0 


        Analysis          Cost   Critical        Violating 
          View           Group  Path Slack  TNS    Paths   
-----------------------------------------------------------
ss_100C_1v60.setup_view     clk       66.2  0.0          0 
                        default   No paths  0.0          0 
-----------------------------------------------------------
Total                                      -0.0          0 
                                                           

Instance Count
--------------
Leaf Instance Count             146217 
Physical Instance count              0 
Sequential Instance Count        46770 
Combinational Instance Count     99447 
Hierarchical Instance Count         32 

Area
----
Cell Area                          1984709.744
Physical Cell Area                 0.000
Total Cell Area (Cell+Physical)    1984709.744
Net Area                           641219.180
Total Area (Cell+Physical+Net)     2625928.924

Runtime                            221.77985399999997 seconds
Elapsed Runtime                    868 seconds
Genus peak memory usage            2636.79 
Innovus peak memory usage          no_value 
Hostname                           linux-lab-076.ece.uw.edu
