

Working Directory = /home/kaulad/myEE478/jpeg_bsg/jpeg_decoder_asic/build/syn-rundir
QoS Summary for jpeg_core
================================================================================
Metric                          final          
================================================================================
Slack (ps):                        66
  R2R (ps):                        66
  I2R (ps):                     1,381
  R2O (ps):                     4,309
  I2O (ps):                     4,888
  CG  (ps):                  no_value
TNS (ps):                           0
  R2R (ps):                         0
  I2R (ps):                         0
  R2O (ps):                         0
  I2O (ps):                         0
  CG  (ps):                  no_value
Failing Paths:                      0
Cell Area:                  1,984,710
Total Cell Area:            1,984,710
Leaf Instances:               146,217
Total Instances:              146,217
Utilization (%):                 0.00
Tot. Net Length (um):        no_value
Avg. Net Length (um):        no_value
Route Overflow H (%):        no_value
Route Overflow V (%):        no_value
MBCI(%) (bits/gate) :            0.00
Norm Cong Hotspot Area:
  Max Cong:                  no_value
  Tot Cong:                  no_value
================================================================================
CPU  Runtime (h:m:s):        00:27:51
Real Runtime (h:m:s):        00:14:20
CPU  Elapsed (h:m:s):        00:27:54
Real Elapsed (h:m:s):        00:14:22
Memory (MB):                  2636.79
================================================================================
================================================================================
Flow Settings:
================================================================================
Total Runtime (h:m:s): 00:14:20
Total Memory (MB):     2636.79
Executable Version:    21.12-s068_1
================================================================================
Total Cell Area =  Cell Area + Physical Cell Area
Total Instances =  Leaf Instances + Physical Instances


