============================================================
  Generated by:           Genus(TM) Synthesis Solution 21.12-s068_1
  Generated on:           Apr 28 2025  11:58:13 am
  Module:                 jpeg_core
  Library domain:         ss_100C_1v60.setup_cond
    Domain index:         0
    Technology library:   sky130_fd_sc_hd__ss_100C_1v60 1.0000000000
  Operating conditions:   ss_100C_1v60 
  Interconnect mode:      global
  Area mode:              physical library
============================================================

         Instance                          Module                  Cell Count   Cell Area   Net Area   Total Area 
------------------------------------------------------------------------------------------------------------------
jpeg_core                                                              146217 1984709.744 641219.180  2625928.924 
  u_jpeg_bitbuffer        jpeg_bitbuffer                                  448    5232.518   2603.001     7835.519 
  u_jpeg_dht              jpeg_dht_SUPPORT_WRITABLE_DHT0                  702    4335.408   3729.897     8065.305 
    genblk1.u_fixed_cx_ac jpeg_dht_std_cx_ac                              315    1864.288   1768.923     3633.211 
    genblk1.u_fixed_cx_dc jpeg_dht_std_cx_dc                               31     147.642     79.274      226.916 
    genblk1.u_fixed_y_ac  jpeg_dht_std_y_ac                               269    1600.285   1478.976     3079.261 
    genblk1.u_fixed_y_dc  jpeg_dht_std_y_dc                                29     140.134     90.674      230.808 
  u_jpeg_dqt              jpeg_dqt                                       4824   82351.482  28572.879   110924.360 
  u_jpeg_idct             jpeg_idct                                     45071  532240.461 212481.635   744722.096 
    u_id_fifo             jpeg_idct_fifo_WIDTH32_DEPTH8_ADDR_W3           492    8630.778   2444.104    11074.882 
    u_idct_x              jpeg_idct_x                                    9794   85408.163  53231.815   138639.978 
    u_idct_y              jpeg_idct_y                                   10790   95793.123  58994.217   154787.340 
    u_input               jpeg_idct_ram                                 12621  177052.307  52269.471   229321.778 
      u_ram0              jpeg_idct_ram_dp                               2876   41414.720  11440.916    52855.636 
      u_ram1              jpeg_idct_ram_dp_2888                          2876   41414.720  11440.916    52855.636 
      u_ram2              jpeg_idct_ram_dp_2887                          2876   41414.720  11440.916    52855.636 
      u_ram3              jpeg_idct_ram_dp_2886                          2876   41414.720  11440.916    52855.636 
    u_transpose           jpeg_idct_transpose                           11328  165174.666  39911.896   205086.562 
      u_ram0              jpeg_idct_transpose_ram                        2782   41219.533   9832.804    51052.337 
      u_ram1              jpeg_idct_transpose_ram_2891                   2782   41219.533   9832.804    51052.337 
      u_ram2              jpeg_idct_transpose_ram_2890                   2700   39944.560   9504.395    49448.955 
      u_ram3              jpeg_idct_transpose_ram_2889                   2782   41219.533   9832.804    51052.337 
  u_jpeg_input            jpeg_input                                      592    5610.381   3174.107     8784.488 
  u_jpeg_mcu_proc         jpeg_mcu_proc                                  1308   11963.974   6879.204    18843.178 
    u_id                  jpeg_mcu_id                                     330    3489.597   1748.300     5237.897 
  u_jpeg_output           jpeg_output                                   93152 1342343.664 379742.253  1722085.917 
    u_info                jpeg_output_fifo_WIDTH32_DEPTH8_ADDR_W3         451    8476.880   2293.300    10770.180 
    u_ram_cb              jpeg_output_cx_ram                            21967  321194.301  88027.164   409221.465 
      u_ram               jpeg_output_cx_ram_ram_dp_256_8               21355  315866.691  85503.438   401370.129 
    u_ram_cr              jpeg_output_cx_ram_2892                       22649  331526.710  90717.880   422244.591 
      u_ram               jpeg_output_cx_ram_ram_dp_256_8_2893          22040  326177.830  88230.789   414408.619 
    u_ram_y               jpeg_output_y_ram                             44162  652967.498 177547.228   830514.725 
      u_ram               jpeg_output_y_ram_ram_dp_512_9                43646  648505.718 175349.736   823855.454 
